-------------------------------------------------------------------------------
Test set: game.LeagueTableTest
-------------------------------------------------------------------------------
Tests run: 3, Failures: 1, Errors: 0, Skipped: 0, Time elapsed: 0.031 s <<< FAILURE! - in game.LeagueTableTest
getTeamsToLeague  Time elapsed: 0 s  <<< FAILURE!
org.opentest4j.AssertionFailedError: 

Expecting value to be true but was false
	at game.LeagueTableTest.getTeamsToLeague(LeagueTableTest.java:52)

